2018-10-23 14:01:40,215 - INFO----  CaseDace中不存在pwd值
2018-10-23 14:01:48,583 - INFO----  CaseDace中不存在pwd值
2018-10-23 14:08:23,225 - INFO----  CaseDace中不存在pwd值
2018-10-23 14:08:39,319 - INFO----  获取到password是111111
2018-10-23 15:06:43,636 - INFO----  获取到password是111111
2018-10-23 20:15:28,706 - INFO----  111111
2018-10-23 20:16:06,657 - INFO----  获取值为 111111
2018-10-23 20:16:54,559 - INFO----  获取值为 111111
2018-10-23 20:17:53,974 - INFO----  获取值为 111111
2018-10-23 20:18:11,429 - INFO----  获取值为 111111
2018-10-23 20:19:08,037 - INFO----  获取值为 111111
2018-10-23 20:20:28,287 - INFO----  获取值为 111111
2018-10-23 20:20:37,695 - INFO----  获取值为 111111
2018-10-23 20:21:54,950 - INFO----  获取值为 066597
2018-10-23 20:24:27,169 - INFO----  list index out of range
2018-10-23 20:24:47,795 - INFO----  'W'
2018-10-23 20:24:58,475 - INFO----  array index out of range
2018-10-23 20:26:35,887 - INFO----  array index out of range
2018-10-23 20:26:45,981 - INFO----  array index out of range
2018-10-23 20:27:03,873 - INFO----  获取值为 说明
2018-10-23 20:27:10,227 - INFO----  获取值为 
2018-10-23 20:27:46,202 - INFO----  获取值为 正确用户名和密码
2018-10-23 20:28:49,019 - INFO----  获取值为 正确用户名和密码
